<?xml version="1.0" encoding="UTF-8"?>
<!-- Generated by org.testng.reporters.JUnitReportReporter -->
<testsuite hostname="LAPTOP-D3DT1504" failures="0" tests="1" name="Testlayer.TC99_SearchRelevantproduct" time="36.850" errors="0" timestamp="2022-03-16T15:24:10 EDT" skipped="0">
  <testcase classname="Testlayer.TC99_SearchRelevantproduct" name="search" time="36.850"/>
  <system-out/>
</testsuite> <!-- Testlayer.TC99_SearchRelevantproduct -->
